<?xml version="1.0" encoding="UTF-8"?>
<!-- Generated by org.testng.reporters.JUnitReportReporter -->
<testsuite hostname="DESKTOP-G73P78Q" name="com.testing.project.Firefox_Browser" tests="1" failures="0" timestamp="3 Mar 2017 23:38:54 GMT" time="25.548" errors="0">
  <testcase name="test" time="25.548" classname="com.testing.project.Firefox_Browser"/>
</testsuite> <!-- com.testing.project.Firefox_Browser -->
