<?xml version="1.0" encoding="UTF-8"?>
<!-- Generated by org.testng.reporters.JUnitReportReporter -->
<testsuite hostname="DESKTOP-G73P78Q" name="com.testing.project.Firefox_Browser" tests="1" failures="0" timestamp="4 Mar 2017 02:05:22 GMT" time="24.699" errors="0">
  <testcase name="test" time="24.699" classname="com.testing.project.Firefox_Browser"/>
</testsuite> <!-- com.testing.project.Firefox_Browser -->
